[0.015s] Invoking command in '/home/yeshi/dev_ws/src/my_bot/build/my_bot': CMAKE_PREFIX_PATH=/opt/ros/foxy:${CMAKE_PREFIX_PATH} /usr/bin/cmake /home/yeshi/dev_ws/src/my_bot -DAMENT_CMAKE_SYMLINK_INSTALL=1 -DCMAKE_INSTALL_PREFIX=/home/yeshi/dev_ws/src/my_bot/install/my_bot
[0.117s] -- The C compiler identification is GNU 9.4.0
[0.237s] -- The CXX compiler identification is GNU 9.4.0
[0.244s] -- Check for working C compiler: /usr/bin/cc
[0.306s] -- Check for working C compiler: /usr/bin/cc -- works
[0.308s] -- Detecting C compiler ABI info
[0.371s] -- Detecting C compiler ABI info - done
[0.385s] -- Detecting C compile features
[0.385s] -- Detecting C compile features - done
[0.388s] -- Check for working CXX compiler: /usr/bin/c++
[0.462s] -- Check for working CXX compiler: /usr/bin/c++ -- works
[0.464s] -- Detecting CXX compiler ABI info
[0.535s] -- Detecting CXX compiler ABI info - done
[0.546s] -- Detecting CXX compile features
[0.546s] -- Detecting CXX compile features - done
[0.549s] -- Found ament_cmake: 0.9.11 (/opt/ros/foxy/share/ament_cmake/cmake)
[0.611s] -- Found PythonInterp: /usr/bin/python3 (found suitable version "3.8.10", minimum required is "3") 
[0.611s] -- Using PYTHON_EXECUTABLE: /usr/bin/python3
[0.816s] -- Override CMake install command with custom implementation using symlinks instead of copying resources
[0.847s] -- Found ament_lint_auto: 0.9.7 (/opt/ros/foxy/share/ament_lint_auto/cmake)
[0.923s] -- Added test 'copyright' to check source files copyright and LICENSE
[0.932s] -- Added test 'cppcheck' to perform static code analysis on C / C++ code
[0.932s] -- Configured cppcheck include dirs: 
[0.932s] -- Configured cppcheck exclude dirs and/or files: 
[0.941s] -- Added test 'cpplint' to check C / C++ code against the Google style
[0.941s] -- Configured cpplint exclude dirs and/or files: 
[0.942s] -- Added test 'flake8' to check Python code syntax and style conventions
[0.945s] -- Added test 'lint_cmake' to check CMake code style
[0.947s] -- Added test 'pep257' to check Python code against some of the style conventions in PEP 257
[0.956s] -- Added test 'uncrustify' to check C / C++ code style
[0.956s] -- Configured uncrustify additional arguments: 
[0.958s] -- Added test 'xmllint' to check XML markup files
[0.960s] -- Configuring done
[0.962s] -- Generating done
[0.963s] -- Build files have been written to: /home/yeshi/dev_ws/src/my_bot/build/my_bot
[0.966s] Invoked command in '/home/yeshi/dev_ws/src/my_bot/build/my_bot' returned '0': CMAKE_PREFIX_PATH=/opt/ros/foxy:${CMAKE_PREFIX_PATH} /usr/bin/cmake /home/yeshi/dev_ws/src/my_bot -DAMENT_CMAKE_SYMLINK_INSTALL=1 -DCMAKE_INSTALL_PREFIX=/home/yeshi/dev_ws/src/my_bot/install/my_bot
[0.969s] Invoking command in '/home/yeshi/dev_ws/src/my_bot/build/my_bot': CMAKE_PREFIX_PATH=/opt/ros/foxy:${CMAKE_PREFIX_PATH} /usr/bin/cmake --build /home/yeshi/dev_ws/src/my_bot/build/my_bot -- -j8 -l8
[1.003s] Invoked command in '/home/yeshi/dev_ws/src/my_bot/build/my_bot' returned '0': CMAKE_PREFIX_PATH=/opt/ros/foxy:${CMAKE_PREFIX_PATH} /usr/bin/cmake --build /home/yeshi/dev_ws/src/my_bot/build/my_bot -- -j8 -l8
[1.036s] Invoking command in '/home/yeshi/dev_ws/src/my_bot/build/my_bot': CMAKE_PREFIX_PATH=/opt/ros/foxy:${CMAKE_PREFIX_PATH} /usr/bin/cmake --install /home/yeshi/dev_ws/src/my_bot/build/my_bot
[1.043s] -- Install configuration: ""
[1.044s] -- Execute custom install script
[1.044s] -- Symlinking: /home/yeshi/dev_ws/src/my_bot/install/my_bot/share/my_bot/config/empty.yaml
[1.053s] -- Symlinking: /home/yeshi/dev_ws/src/my_bot/install/my_bot/share/my_bot/description/inertial_macros.xacro
[1.061s] -- Symlinking: /home/yeshi/dev_ws/src/my_bot/install/my_bot/share/my_bot/description/robot.urdf.xacro
[1.068s] -- Symlinking: /home/yeshi/dev_ws/src/my_bot/install/my_bot/share/my_bot/description/robot_core.xacro
[1.076s] -- Symlinking: /home/yeshi/dev_ws/src/my_bot/install/my_bot/share/my_bot/launch/__pycache__/rsp.launch.cpython-38.pyc
[1.084s] -- Symlinking: /home/yeshi/dev_ws/src/my_bot/install/my_bot/share/my_bot/launch/launch_sim.launch.py
[1.092s] -- Symlinking: /home/yeshi/dev_ws/src/my_bot/install/my_bot/share/my_bot/launch/rsp.launch.py
[1.100s] -- Symlinking: /home/yeshi/dev_ws/src/my_bot/install/my_bot/share/my_bot/worlds/empty.world
[1.108s] -- Symlinking: /home/yeshi/dev_ws/src/my_bot/install/my_bot/share/ament_index/resource_index/package_run_dependencies/my_bot
[1.116s] -- Symlinking: /home/yeshi/dev_ws/src/my_bot/install/my_bot/share/ament_index/resource_index/parent_prefix_path/my_bot
[1.124s] -- Symlinking: /home/yeshi/dev_ws/src/my_bot/install/my_bot/share/my_bot/environment/ament_prefix_path.sh
[1.133s] -- Symlinking: /home/yeshi/dev_ws/src/my_bot/install/my_bot/share/my_bot/environment/ament_prefix_path.dsv
[1.141s] -- Symlinking: /home/yeshi/dev_ws/src/my_bot/install/my_bot/share/my_bot/environment/path.sh
[1.149s] -- Symlinking: /home/yeshi/dev_ws/src/my_bot/install/my_bot/share/my_bot/environment/path.dsv
[1.157s] -- Symlinking: /home/yeshi/dev_ws/src/my_bot/install/my_bot/share/my_bot/local_setup.bash
[1.165s] -- Symlinking: /home/yeshi/dev_ws/src/my_bot/install/my_bot/share/my_bot/local_setup.sh
[1.173s] -- Symlinking: /home/yeshi/dev_ws/src/my_bot/install/my_bot/share/my_bot/local_setup.zsh
[1.181s] -- Symlinking: /home/yeshi/dev_ws/src/my_bot/install/my_bot/share/my_bot/local_setup.dsv
[1.189s] -- Symlinking: /home/yeshi/dev_ws/src/my_bot/install/my_bot/share/my_bot/package.dsv
[1.196s] -- Symlinking: /home/yeshi/dev_ws/src/my_bot/install/my_bot/share/ament_index/resource_index/packages/my_bot
[1.204s] -- Symlinking: /home/yeshi/dev_ws/src/my_bot/install/my_bot/share/my_bot/cmake/my_botConfig.cmake
[1.212s] -- Symlinking: /home/yeshi/dev_ws/src/my_bot/install/my_bot/share/my_bot/cmake/my_botConfig-version.cmake
[1.220s] -- Symlinking: /home/yeshi/dev_ws/src/my_bot/install/my_bot/share/my_bot/package.xml
[1.230s] Invoked command in '/home/yeshi/dev_ws/src/my_bot/build/my_bot' returned '0': CMAKE_PREFIX_PATH=/opt/ros/foxy:${CMAKE_PREFIX_PATH} /usr/bin/cmake --install /home/yeshi/dev_ws/src/my_bot/build/my_bot
